2014-09-15 11:48:43 5260 [Note] Plugin 'FEDERATED' is disabled.
2014-09-15 11:48:43 5260 [Note] InnoDB: The InnoDB memory heap is disabled
2014-09-15 11:48:43 5260 [Note] InnoDB: Mutexes and rw_locks use Windows interlocked functions
2014-09-15 11:48:43 5260 [Note] InnoDB: Compressed tables use zlib 1.2.3
2014-09-15 11:48:43 5260 [Note] InnoDB: Not using CPU crc32 instructions
2014-09-15 11:48:43 5260 [Note] InnoDB: Initializing buffer pool, size = 128.0M
2014-09-15 11:48:43 5260 [Note] InnoDB: Completed initialization of buffer pool
2014-09-15 11:48:43 5260 [Note] InnoDB: Highest supported file format is Barracuda.
2014-09-15 11:48:43 5260 [Note] InnoDB: The log sequence numbers 1626134 and 1626134 in ibdata files do not match the log sequence number 1782991 in the ib_logfiles!
2014-09-15 11:48:43 5260 [Note] InnoDB: Database was not shutdown normally!
2014-09-15 11:48:43 5260 [Note] InnoDB: Starting crash recovery.
2014-09-15 11:48:43 5260 [Note] InnoDB: Reading tablespace information from the .ibd files...
2014-09-15 11:48:43 5260 [Note] InnoDB: Restoring possible half-written data pages 
2014-09-15 11:48:43 5260 [Note] InnoDB: from the doublewrite buffer...
2014-09-15 11:48:43 5260 [Note] InnoDB: 128 rollback segment(s) are active.
2014-09-15 11:48:43 5260 [Note] InnoDB: Waiting for purge to start
2014-09-15 11:48:43 5260 [Note] InnoDB: 5.6.13 started; log sequence number 1782991
2014-09-15 11:48:43 5260 [Note] Server hostname (bind-address): '*'; port: 3307
2014-09-15 11:48:43 5260 [Note] IPv6 is available.
2014-09-15 11:48:43 5260 [Note]   - '::' resolves to '::';
2014-09-15 11:48:43 5260 [Note] Server socket created on IP: '::'.
2014-09-16 12:49:24 7552 [Note] Plugin 'FEDERATED' is disabled.
2014-09-16 12:49:24 7552 [Note] InnoDB: The InnoDB memory heap is disabled
2014-09-16 12:49:24 7552 [Note] InnoDB: Mutexes and rw_locks use Windows interlocked functions
2014-09-16 12:49:24 7552 [Note] InnoDB: Compressed tables use zlib 1.2.3
2014-09-16 12:49:24 7552 [Note] InnoDB: Not using CPU crc32 instructions
2014-09-16 12:49:24 7552 [Note] InnoDB: Initializing buffer pool, size = 128.0M
2014-09-16 12:49:24 7552 [Note] InnoDB: Completed initialization of buffer pool
2014-09-16 12:49:24 7552 [Note] InnoDB: Highest supported file format is Barracuda.
2014-09-16 12:49:24 7552 [Note] InnoDB: The log sequence numbers 1626134 and 1626134 in ibdata files do not match the log sequence number 1862034 in the ib_logfiles!
2014-09-16 12:49:24 7552 [Note] InnoDB: Database was not shutdown normally!
2014-09-16 12:49:24 7552 [Note] InnoDB: Starting crash recovery.
2014-09-16 12:49:24 7552 [Note] InnoDB: Reading tablespace information from the .ibd files...
2014-09-16 12:49:24 7552 [Note] InnoDB: Restoring possible half-written data pages 
2014-09-16 12:49:24 7552 [Note] InnoDB: from the doublewrite buffer...
2014-09-16 12:49:24 7552 [Note] InnoDB: 128 rollback segment(s) are active.
2014-09-16 12:49:24 7552 [Note] InnoDB: Waiting for purge to start
2014-09-16 12:49:25 7552 [Note] InnoDB: 5.6.13 started; log sequence number 1862034
2014-09-16 12:49:25 7552 [Note] Server hostname (bind-address): '*'; port: 3307
2014-09-16 12:49:25 7552 [Note] IPv6 is available.
2014-09-16 12:49:25 7552 [Note]   - '::' resolves to '::';
2014-09-16 12:49:25 7552 [Note] Server socket created on IP: '::'.
2014-09-17 13:43:46 4784 [Note] Plugin 'FEDERATED' is disabled.
2014-09-17 13:43:46 4784 [Note] InnoDB: The InnoDB memory heap is disabled
2014-09-17 13:43:46 4784 [Note] InnoDB: Mutexes and rw_locks use Windows interlocked functions
2014-09-17 13:43:46 4784 [Note] InnoDB: Compressed tables use zlib 1.2.3
2014-09-17 13:43:46 4784 [Note] InnoDB: Not using CPU crc32 instructions
2014-09-17 13:43:46 4784 [Note] InnoDB: Initializing buffer pool, size = 128.0M
2014-09-17 13:43:46 4784 [Note] InnoDB: Completed initialization of buffer pool
2014-09-17 13:43:46 4784 [Note] InnoDB: Highest supported file format is Barracuda.
2014-09-17 13:43:46 4784 [Note] InnoDB: The log sequence numbers 1626134 and 1626134 in ibdata files do not match the log sequence number 1862044 in the ib_logfiles!
2014-09-17 13:43:46 4784 [Note] InnoDB: Database was not shutdown normally!
2014-09-17 13:43:46 4784 [Note] InnoDB: Starting crash recovery.
2014-09-17 13:43:46 4784 [Note] InnoDB: Reading tablespace information from the .ibd files...
2014-09-17 13:43:46 4784 [Note] InnoDB: Restoring possible half-written data pages 
2014-09-17 13:43:46 4784 [Note] InnoDB: from the doublewrite buffer...
2014-09-17 13:43:46 4784 [Note] InnoDB: 128 rollback segment(s) are active.
2014-09-17 13:43:46 4784 [Note] InnoDB: Waiting for purge to start
2014-09-17 13:43:46 4784 [Note] InnoDB: 5.6.13 started; log sequence number 1862044
2014-09-17 13:43:46 4784 [Note] Server hostname (bind-address): '*'; port: 3307
2014-09-17 13:43:46 4784 [Note] IPv6 is available.
2014-09-17 13:43:46 4784 [Note]   - '::' resolves to '::';
2014-09-17 13:43:46 4784 [Note] Server socket created on IP: '::'.
2014-09-17 13:43:46 4784 [ERROR] Can't start server: Bind on TCP/IP port: No such file or directory
2014-09-17 13:43:46 4784 [ERROR] Do you already have another mysqld server running on port: 3307 ?
2014-09-17 13:43:46 4784 [ERROR] Aborting

2014-09-17 13:43:46 4784 [Note] Binlog end
2014-09-17 13:43:46 4784 [Note] Shutting down plugin 'partition'
2014-09-17 13:43:46 4784 [Note] Shutting down plugin 'PERFORMANCE_SCHEMA'
2014-09-17 13:43:46 4784 [Note] Shutting down plugin 'INNODB_SYS_DATAFILES'
2014-09-17 13:43:46 4784 [Note] Shutting down plugin 'INNODB_SYS_TABLESPACES'
2014-09-17 13:43:46 4784 [Note] Shutting down plugin 'INNODB_SYS_FOREIGN_COLS'
2014-09-17 13:43:46 4784 [Note] Shutting down plugin 'INNODB_SYS_FOREIGN'
2014-09-17 13:43:46 4784 [Note] Shutting down plugin 'INNODB_SYS_FIELDS'
2014-09-17 13:43:46 4784 [Note] Shutting down plugin 'INNODB_SYS_COLUMNS'
2014-09-17 13:43:46 4784 [Note] Shutting down plugin 'INNODB_SYS_INDEXES'
2014-09-17 13:43:46 4784 [Note] Shutting down plugin 'INNODB_SYS_TABLESTATS'
2014-09-17 13:43:46 4784 [Note] Shutting down plugin 'INNODB_SYS_TABLES'
2014-09-17 13:43:46 4784 [Note] Shutting down plugin 'INNODB_FT_INDEX_TABLE'
2014-09-17 13:43:46 4784 [Note] Shutting down plugin 'INNODB_FT_INDEX_CACHE'
2014-09-17 13:43:46 4784 [Note] Shutting down plugin 'INNODB_FT_CONFIG'
2014-09-17 13:43:46 4784 [Note] Shutting down plugin 'INNODB_FT_BEING_DELETED'
2014-09-17 13:43:46 4784 [Note] Shutting down plugin 'INNODB_FT_DELETED'
2014-09-17 13:43:46 4784 [Note] Shutting down plugin 'INNODB_FT_DEFAULT_STOPWORD'
2014-09-17 13:43:46 4784 [Note] Shutting down plugin 'INNODB_METRICS'
2014-09-17 13:43:46 4784 [Note] Shutting down plugin 'INNODB_BUFFER_POOL_STATS'
2014-09-17 13:43:46 4784 [Note] Shutting down plugin 'INNODB_BUFFER_PAGE_LRU'
2014-09-17 13:43:46 4784 [Note] Shutting down plugin 'INNODB_BUFFER_PAGE'
2014-09-17 13:43:46 4784 [Note] Shutting down plugin 'INNODB_CMP_PER_INDEX_RESET'
2014-09-17 13:43:46 4784 [Note] Shutting down plugin 'INNODB_CMP_PER_INDEX'
2014-09-17 13:43:46 4784 [Note] Shutting down plugin 'INNODB_CMPMEM_RESET'
2014-09-17 13:43:46 4784 [Note] Shutting down plugin 'INNODB_CMPMEM'
2014-09-17 13:43:46 4784 [Note] Shutting down plugin 'INNODB_CMP_RESET'
2014-09-17 13:43:46 4784 [Note] Shutting down plugin 'INNODB_CMP'
2014-09-17 13:43:46 4784 [Note] Shutting down plugin 'INNODB_LOCK_WAITS'
2014-09-17 13:43:46 4784 [Note] Shutting down plugin 'INNODB_LOCKS'
2014-09-17 13:43:46 4784 [Note] Shutting down plugin 'INNODB_TRX'
2014-09-17 13:43:46 4784 [Note] Shutting down plugin 'InnoDB'
2014-09-17 13:43:46 4784 [Note] InnoDB: FTS optimize thread exiting.
2014-09-17 13:43:46 4784 [Note] InnoDB: Starting shutdown...
2014-09-17 13:43:48 4784 [Note] InnoDB: Shutdown completed; log sequence number 1862054
2014-09-17 13:43:48 4784 [Note] Shutting down plugin 'BLACKHOLE'
2014-09-17 13:43:48 4784 [Note] Shutting down plugin 'ARCHIVE'
2014-09-17 13:43:48 4784 [Note] Shutting down plugin 'MRG_MYISAM'
2014-09-17 13:43:48 4784 [Note] Shutting down plugin 'MyISAM'
2014-09-17 13:43:48 4784 [Note] Shutting down plugin 'MEMORY'
2014-09-17 13:43:48 4784 [Note] Shutting down plugin 'CSV'
2014-09-17 13:43:48 4784 [Note] Shutting down plugin 'sha256_password'
2014-09-17 13:43:48 4784 [Note] Shutting down plugin 'mysql_old_password'
2014-09-17 13:43:48 4784 [Note] Shutting down plugin 'mysql_native_password'
2014-09-17 13:43:48 4784 [Note] Shutting down plugin 'binlog'
2014-09-17 13:43:48 4784 [Note] C:\Users\Bob\Documents\Programma's\Stick\USBWebserver v8.6/mysql/bin/mysqld_usbwv8.exe: Shutdown complete

2014-09-17 13:44:05 8088 [Note] Plugin 'FEDERATED' is disabled.
2014-09-17 13:44:05 8088 [Note] InnoDB: The InnoDB memory heap is disabled
2014-09-17 13:44:05 8088 [Note] InnoDB: Mutexes and rw_locks use Windows interlocked functions
2014-09-17 13:44:05 8088 [Note] InnoDB: Compressed tables use zlib 1.2.3
2014-09-17 13:44:05 8088 [Note] InnoDB: Not using CPU crc32 instructions
2014-09-17 13:44:05 8088 [Note] InnoDB: Initializing buffer pool, size = 128.0M
2014-09-17 13:44:05 8088 [Note] InnoDB: Completed initialization of buffer pool
2014-09-17 13:44:05 8088 [Note] InnoDB: Highest supported file format is Barracuda.
2014-09-17 13:44:05 8088 [Note] InnoDB: 128 rollback segment(s) are active.
2014-09-17 13:44:05 8088 [Note] InnoDB: Waiting for purge to start
2014-09-17 13:44:05 8088 [Note] InnoDB: 5.6.13 started; log sequence number 1862054
2014-09-17 13:44:05 8088 [Note] Server hostname (bind-address): '*'; port: 3307
2014-09-17 13:44:05 8088 [Note] IPv6 is available.
2014-09-17 13:44:05 8088 [Note]   - '::' resolves to '::';
2014-09-17 13:44:05 8088 [Note] Server socket created on IP: '::'.
2014-09-18 09:54:23 936 [Note] Plugin 'FEDERATED' is disabled.
2014-09-18 09:54:23 936 [Note] InnoDB: The InnoDB memory heap is disabled
2014-09-18 09:54:23 936 [Note] InnoDB: Mutexes and rw_locks use Windows interlocked functions
2014-09-18 09:54:23 936 [Note] InnoDB: Compressed tables use zlib 1.2.3
2014-09-18 09:54:23 936 [Note] InnoDB: Not using CPU crc32 instructions
2014-09-18 09:54:23 936 [Note] InnoDB: Initializing buffer pool, size = 128.0M
2014-09-18 09:54:23 936 [Note] InnoDB: Completed initialization of buffer pool
2014-09-18 09:54:23 936 [Note] InnoDB: Highest supported file format is Barracuda.
2014-09-18 09:54:23 936 [Note] InnoDB: The log sequence numbers 1862054 and 1862054 in ibdata files do not match the log sequence number 1862064 in the ib_logfiles!
2014-09-18 09:54:23 936 [Note] InnoDB: Database was not shutdown normally!
2014-09-18 09:54:23 936 [Note] InnoDB: Starting crash recovery.
2014-09-18 09:54:23 936 [Note] InnoDB: Reading tablespace information from the .ibd files...
2014-09-18 09:54:23 936 [Note] InnoDB: Restoring possible half-written data pages 
2014-09-18 09:54:23 936 [Note] InnoDB: from the doublewrite buffer...
2014-09-18 09:54:23 936 [Note] InnoDB: 128 rollback segment(s) are active.
2014-09-18 09:54:23 936 [Note] InnoDB: Waiting for purge to start
2014-09-18 09:54:23 936 [Note] InnoDB: 5.6.13 started; log sequence number 1862064
2014-09-18 09:54:23 936 [Note] Server hostname (bind-address): '*'; port: 3307
2014-09-18 09:54:23 936 [Note] IPv6 is available.
2014-09-18 09:54:23 936 [Note]   - '::' resolves to '::';
2014-09-18 09:54:23 936 [Note] Server socket created on IP: '::'.
2014-09-18 13:44:00 8304 [Note] Plugin 'FEDERATED' is disabled.
2014-09-18 13:44:00 8304 [Note] InnoDB: The InnoDB memory heap is disabled
2014-09-18 13:44:00 8304 [Note] InnoDB: Mutexes and rw_locks use Windows interlocked functions
2014-09-18 13:44:00 8304 [Note] InnoDB: Compressed tables use zlib 1.2.3
2014-09-18 13:44:00 8304 [Note] InnoDB: Not using CPU crc32 instructions
2014-09-18 13:44:00 8304 [Note] InnoDB: Initializing buffer pool, size = 128.0M
2014-09-18 13:44:00 8304 [Note] InnoDB: Completed initialization of buffer pool
2014-09-18 13:44:00 8304 [Note] InnoDB: Highest supported file format is Barracuda.
2014-09-18 13:44:00 8304 [Note] InnoDB: The log sequence numbers 1862054 and 1862054 in ibdata files do not match the log sequence number 1862074 in the ib_logfiles!
2014-09-18 13:44:00 8304 [Note] InnoDB: Database was not shutdown normally!
2014-09-18 13:44:00 8304 [Note] InnoDB: Starting crash recovery.
2014-09-18 13:44:00 8304 [Note] InnoDB: Reading tablespace information from the .ibd files...
2014-09-18 13:44:00 8304 [Note] InnoDB: Restoring possible half-written data pages 
2014-09-18 13:44:00 8304 [Note] InnoDB: from the doublewrite buffer...
2014-09-18 13:44:00 8304 [Note] InnoDB: 128 rollback segment(s) are active.
2014-09-18 13:44:00 8304 [Note] InnoDB: Waiting for purge to start
2014-09-18 13:44:00 8304 [Note] InnoDB: 5.6.13 started; log sequence number 1862074
2014-09-18 13:44:00 8304 [Note] Server hostname (bind-address): '*'; port: 3307
2014-09-18 13:44:00 8304 [Note] IPv6 is available.
2014-09-18 13:44:00 8304 [Note]   - '::' resolves to '::';
2014-09-18 13:44:00 8304 [Note] Server socket created on IP: '::'.
2014-09-18 14:38:07 6780 [Note] Plugin 'FEDERATED' is disabled.
2014-09-18 14:38:07 6780 [Note] InnoDB: The InnoDB memory heap is disabled
2014-09-18 14:38:07 6780 [Note] InnoDB: Mutexes and rw_locks use Windows interlocked functions
2014-09-18 14:38:07 6780 [Note] InnoDB: Compressed tables use zlib 1.2.3
2014-09-18 14:38:07 6780 [Note] InnoDB: Not using CPU crc32 instructions
2014-09-18 14:38:07 6780 [Note] InnoDB: Initializing buffer pool, size = 128.0M
2014-09-18 14:38:07 6780 [Note] InnoDB: Completed initialization of buffer pool
2014-09-18 14:38:07 6780 [Note] InnoDB: Highest supported file format is Barracuda.
2014-09-18 14:38:07 6780 [Note] InnoDB: The log sequence numbers 1862054 and 1862054 in ibdata files do not match the log sequence number 1862084 in the ib_logfiles!
2014-09-18 14:38:07 6780 [Note] InnoDB: Database was not shutdown normally!
2014-09-18 14:38:07 6780 [Note] InnoDB: Starting crash recovery.
2014-09-18 14:38:07 6780 [Note] InnoDB: Reading tablespace information from the .ibd files...
2014-09-18 14:38:07 6780 [Note] InnoDB: Restoring possible half-written data pages 
2014-09-18 14:38:07 6780 [Note] InnoDB: from the doublewrite buffer...
2014-09-18 14:38:07 6780 [Note] InnoDB: 128 rollback segment(s) are active.
2014-09-18 14:38:07 6780 [Note] InnoDB: Waiting for purge to start
2014-09-18 14:38:07 6780 [Note] InnoDB: 5.6.13 started; log sequence number 1862084
2014-09-18 14:38:07 6780 [Note] Server hostname (bind-address): '*'; port: 3307
2014-09-18 14:38:07 6780 [Note] IPv6 is available.
2014-09-18 14:38:07 6780 [Note]   - '::' resolves to '::';
2014-09-18 14:38:07 6780 [Note] Server socket created on IP: '::'.
2014-09-21 13:32:47 7956 [Note] Plugin 'FEDERATED' is disabled.
2014-09-21 13:32:47 7956 [Note] InnoDB: The InnoDB memory heap is disabled
2014-09-21 13:32:47 7956 [Note] InnoDB: Mutexes and rw_locks use Windows interlocked functions
2014-09-21 13:32:47 7956 [Note] InnoDB: Compressed tables use zlib 1.2.3
2014-09-21 13:32:47 7956 [Note] InnoDB: Not using CPU crc32 instructions
2014-09-21 13:32:47 7956 [Note] InnoDB: Initializing buffer pool, size = 128.0M
2014-09-21 13:32:47 7956 [Note] InnoDB: Completed initialization of buffer pool
2014-09-21 13:32:47 7956 [Note] InnoDB: Highest supported file format is Barracuda.
2014-09-21 13:32:47 7956 [Note] InnoDB: The log sequence numbers 1862054 and 1862054 in ibdata files do not match the log sequence number 1862094 in the ib_logfiles!
2014-09-21 13:32:47 7956 [Note] InnoDB: Database was not shutdown normally!
2014-09-21 13:32:47 7956 [Note] InnoDB: Starting crash recovery.
2014-09-21 13:32:47 7956 [Note] InnoDB: Reading tablespace information from the .ibd files...
2014-09-21 13:32:47 7956 [Note] InnoDB: Restoring possible half-written data pages 
2014-09-21 13:32:47 7956 [Note] InnoDB: from the doublewrite buffer...
2014-09-21 13:32:47 7956 [Note] InnoDB: 128 rollback segment(s) are active.
2014-09-21 13:32:47 7956 [Note] InnoDB: Waiting for purge to start
2014-09-21 13:32:47 7956 [Note] InnoDB: 5.6.13 started; log sequence number 1862094
2014-09-21 13:32:47 7956 [Note] Server hostname (bind-address): '*'; port: 3307
2014-09-21 13:32:47 7956 [Note] IPv6 is available.
2014-09-21 13:32:47 7956 [Note]   - '::' resolves to '::';
2014-09-21 13:32:47 7956 [Note] Server socket created on IP: '::'.
2014-09-23 11:48:10 8124 [Note] Plugin 'FEDERATED' is disabled.
2014-09-23 11:48:10 8124 [Note] InnoDB: The InnoDB memory heap is disabled
2014-09-23 11:48:10 8124 [Note] InnoDB: Mutexes and rw_locks use Windows interlocked functions
2014-09-23 11:48:10 8124 [Note] InnoDB: Compressed tables use zlib 1.2.3
2014-09-23 11:48:10 8124 [Note] InnoDB: Not using CPU crc32 instructions
2014-09-23 11:48:10 8124 [Note] InnoDB: Initializing buffer pool, size = 128.0M
2014-09-23 11:48:10 8124 [Note] InnoDB: Completed initialization of buffer pool
2014-09-23 11:48:10 8124 [Note] InnoDB: Highest supported file format is Barracuda.
2014-09-23 11:48:10 8124 [Note] InnoDB: The log sequence numbers 1862054 and 1862054 in ibdata files do not match the log sequence number 1862104 in the ib_logfiles!
2014-09-23 11:48:10 8124 [Note] InnoDB: Database was not shutdown normally!
2014-09-23 11:48:10 8124 [Note] InnoDB: Starting crash recovery.
2014-09-23 11:48:10 8124 [Note] InnoDB: Reading tablespace information from the .ibd files...
2014-09-23 11:48:10 8124 [Note] InnoDB: Restoring possible half-written data pages 
2014-09-23 11:48:10 8124 [Note] InnoDB: from the doublewrite buffer...
2014-09-23 11:48:10 8124 [Note] InnoDB: 128 rollback segment(s) are active.
2014-09-23 11:48:10 8124 [Note] InnoDB: Waiting for purge to start
2014-09-23 11:48:10 8124 [Note] InnoDB: 5.6.13 started; log sequence number 1862104
2014-09-23 11:48:10 8124 [Note] Server hostname (bind-address): '*'; port: 3307
2014-09-23 11:48:10 8124 [Note] IPv6 is available.
2014-09-23 11:48:10 8124 [Note]   - '::' resolves to '::';
2014-09-23 11:48:10 8124 [Note] Server socket created on IP: '::'.
2014-09-25 09:43:28 7924 [Note] Plugin 'FEDERATED' is disabled.
2014-09-25 09:43:28 7924 [Note] InnoDB: The InnoDB memory heap is disabled
2014-09-25 09:43:28 7924 [Note] InnoDB: Mutexes and rw_locks use Windows interlocked functions
2014-09-25 09:43:28 7924 [Note] InnoDB: Compressed tables use zlib 1.2.3
2014-09-25 09:43:28 7924 [Note] InnoDB: Not using CPU crc32 instructions
2014-09-25 09:43:28 7924 [Note] InnoDB: Initializing buffer pool, size = 128.0M
2014-09-25 09:43:28 7924 [Note] InnoDB: Completed initialization of buffer pool
2014-09-25 09:43:28 7924 [Note] InnoDB: Highest supported file format is Barracuda.
2014-09-25 09:43:28 7924 [Note] InnoDB: The log sequence numbers 1862054 and 1862054 in ibdata files do not match the log sequence number 1862114 in the ib_logfiles!
2014-09-25 09:43:28 7924 [Note] InnoDB: Database was not shutdown normally!
2014-09-25 09:43:28 7924 [Note] InnoDB: Starting crash recovery.
2014-09-25 09:43:28 7924 [Note] InnoDB: Reading tablespace information from the .ibd files...
2014-09-25 09:43:28 7924 [Note] InnoDB: Restoring possible half-written data pages 
2014-09-25 09:43:28 7924 [Note] InnoDB: from the doublewrite buffer...
2014-09-25 09:43:28 7924 [Note] InnoDB: 128 rollback segment(s) are active.
2014-09-25 09:43:28 7924 [Note] InnoDB: Waiting for purge to start
2014-09-25 09:43:28 7924 [Note] InnoDB: 5.6.13 started; log sequence number 1862114
2014-09-25 09:43:28 7924 [Note] Server hostname (bind-address): '*'; port: 3307
2014-09-25 09:43:28 7924 [Note] IPv6 is available.
2014-09-25 09:43:28 7924 [Note]   - '::' resolves to '::';
2014-09-25 09:43:28 7924 [Note] Server socket created on IP: '::'.
2014-09-25 13:58:12 3752 [Note] Plugin 'FEDERATED' is disabled.
2014-09-25 13:58:12 3752 [Note] InnoDB: The InnoDB memory heap is disabled
2014-09-25 13:58:12 3752 [Note] InnoDB: Mutexes and rw_locks use Windows interlocked functions
2014-09-25 13:58:12 3752 [Note] InnoDB: Compressed tables use zlib 1.2.3
2014-09-25 13:58:12 3752 [Note] InnoDB: Not using CPU crc32 instructions
2014-09-25 13:58:12 3752 [Note] InnoDB: Initializing buffer pool, size = 128.0M
2014-09-25 13:58:12 3752 [Note] InnoDB: Completed initialization of buffer pool
2014-09-25 13:58:12 3752 [Note] InnoDB: Highest supported file format is Barracuda.
2014-09-25 13:58:12 3752 [Note] InnoDB: The log sequence numbers 1862054 and 1862054 in ibdata files do not match the log sequence number 1862124 in the ib_logfiles!
2014-09-25 13:58:12 3752 [Note] InnoDB: Database was not shutdown normally!
2014-09-25 13:58:12 3752 [Note] InnoDB: Starting crash recovery.
2014-09-25 13:58:12 3752 [Note] InnoDB: Reading tablespace information from the .ibd files...
2014-09-25 13:58:12 3752 [Note] InnoDB: Restoring possible half-written data pages 
2014-09-25 13:58:12 3752 [Note] InnoDB: from the doublewrite buffer...
2014-09-25 13:58:12 3752 [Note] InnoDB: 128 rollback segment(s) are active.
2014-09-25 13:58:12 3752 [Note] InnoDB: Waiting for purge to start
2014-09-25 13:58:12 3752 [Note] InnoDB: 5.6.13 started; log sequence number 1862124
2014-09-25 13:58:12 3752 [Note] Server hostname (bind-address): '*'; port: 3307
2014-09-25 13:58:12 3752 [Note] IPv6 is available.
2014-09-25 13:58:12 3752 [Note]   - '::' resolves to '::';
2014-09-25 13:58:12 3752 [Note] Server socket created on IP: '::'.
2014-09-26 12:49:04 3832 [Note] Plugin 'FEDERATED' is disabled.
2014-09-26 12:49:05 3832 [Note] InnoDB: The InnoDB memory heap is disabled
2014-09-26 12:49:05 3832 [Note] InnoDB: Mutexes and rw_locks use Windows interlocked functions
2014-09-26 12:49:05 3832 [Note] InnoDB: Compressed tables use zlib 1.2.3
2014-09-26 12:49:05 3832 [Note] InnoDB: Not using CPU crc32 instructions
2014-09-26 12:49:05 3832 [Note] InnoDB: Initializing buffer pool, size = 128.0M
2014-09-26 12:49:05 3832 [Note] InnoDB: Completed initialization of buffer pool
2014-09-26 12:49:05 3832 [Note] InnoDB: Highest supported file format is Barracuda.
2014-09-26 12:49:05 3832 [Note] InnoDB: The log sequence numbers 1862054 and 1862054 in ibdata files do not match the log sequence number 1862134 in the ib_logfiles!
2014-09-26 12:49:05 3832 [Note] InnoDB: Database was not shutdown normally!
2014-09-26 12:49:05 3832 [Note] InnoDB: Starting crash recovery.
2014-09-26 12:49:05 3832 [Note] InnoDB: Reading tablespace information from the .ibd files...
2014-09-26 12:49:05 3832 [Note] InnoDB: Restoring possible half-written data pages 
2014-09-26 12:49:05 3832 [Note] InnoDB: from the doublewrite buffer...
2014-09-26 12:49:05 3832 [Note] InnoDB: 128 rollback segment(s) are active.
2014-09-26 12:49:05 3832 [Note] InnoDB: Waiting for purge to start
2014-09-26 12:49:05 3832 [Note] InnoDB: 5.6.13 started; log sequence number 1862134
2014-09-26 12:49:05 3832 [Note] Server hostname (bind-address): '*'; port: 3307
2014-09-26 12:49:05 3832 [Note] IPv6 is available.
2014-09-26 12:49:05 3832 [Note]   - '::' resolves to '::';
2014-09-26 12:49:05 3832 [Note] Server socket created on IP: '::'.
2014-10-01 12:44:21 3368 [Note] Plugin 'FEDERATED' is disabled.
2014-10-01 12:44:21 3368 [Note] InnoDB: The InnoDB memory heap is disabled
2014-10-01 12:44:21 3368 [Note] InnoDB: Mutexes and rw_locks use Windows interlocked functions
2014-10-01 12:44:21 3368 [Note] InnoDB: Compressed tables use zlib 1.2.3
2014-10-01 12:44:21 3368 [Note] InnoDB: Not using CPU crc32 instructions
2014-10-01 12:44:21 3368 [Note] InnoDB: Initializing buffer pool, size = 128.0M
2014-10-01 12:44:21 3368 [Note] InnoDB: Completed initialization of buffer pool
2014-10-01 12:44:21 3368 [Note] InnoDB: Highest supported file format is Barracuda.
2014-10-01 12:44:21 3368 [Note] InnoDB: The log sequence numbers 1862054 and 1862054 in ibdata files do not match the log sequence number 1862160 in the ib_logfiles!
2014-10-01 12:44:21 3368 [Note] InnoDB: Database was not shutdown normally!
2014-10-01 12:44:21 3368 [Note] InnoDB: Starting crash recovery.
2014-10-01 12:44:21 3368 [Note] InnoDB: Reading tablespace information from the .ibd files...
2014-10-01 12:44:21 3368 [Note] InnoDB: Restoring possible half-written data pages 
2014-10-01 12:44:21 3368 [Note] InnoDB: from the doublewrite buffer...
2014-10-01 12:44:21 3368 [Note] InnoDB: 128 rollback segment(s) are active.
2014-10-01 12:44:21 3368 [Note] InnoDB: Waiting for purge to start
2014-10-01 12:44:21 3368 [Note] InnoDB: 5.6.13 started; log sequence number 1862160
2014-10-01 12:44:21 3368 [Note] Server hostname (bind-address): '*'; port: 3307
2014-10-01 12:44:21 3368 [Note] IPv6 is available.
2014-10-01 12:44:21 3368 [Note]   - '::' resolves to '::';
2014-10-01 12:44:21 3368 [Note] Server socket created on IP: '::'.
2014-10-06 12:06:31 4508 [Note] Plugin 'FEDERATED' is disabled.
2014-10-06 12:06:31 4508 [Note] InnoDB: The InnoDB memory heap is disabled
2014-10-06 12:06:31 4508 [Note] InnoDB: Mutexes and rw_locks use Windows interlocked functions
2014-10-06 12:06:31 4508 [Note] InnoDB: Compressed tables use zlib 1.2.3
2014-10-06 12:06:31 4508 [Note] InnoDB: Not using CPU crc32 instructions
2014-10-06 12:06:31 4508 [Note] InnoDB: Initializing buffer pool, size = 128.0M
2014-10-06 12:06:31 4508 [Note] InnoDB: Completed initialization of buffer pool
2014-10-06 12:06:31 4508 [Note] InnoDB: Highest supported file format is Barracuda.
2014-10-06 12:06:31 4508 [Note] InnoDB: The log sequence numbers 1862054 and 1862054 in ibdata files do not match the log sequence number 1862170 in the ib_logfiles!
2014-10-06 12:06:31 4508 [Note] InnoDB: Database was not shutdown normally!
2014-10-06 12:06:31 4508 [Note] InnoDB: Starting crash recovery.
2014-10-06 12:06:31 4508 [Note] InnoDB: Reading tablespace information from the .ibd files...
2014-10-06 12:06:31 4508 [Note] InnoDB: Restoring possible half-written data pages 
2014-10-06 12:06:31 4508 [Note] InnoDB: from the doublewrite buffer...
2014-10-06 12:06:32 4508 [Note] InnoDB: 128 rollback segment(s) are active.
2014-10-06 12:06:32 4508 [Note] InnoDB: Waiting for purge to start
2014-10-06 12:06:32 4508 [Note] InnoDB: 5.6.13 started; log sequence number 1862170
2014-10-06 12:06:32 4508 [Note] Server hostname (bind-address): '*'; port: 3307
2014-10-06 12:06:32 4508 [Note] IPv6 is available.
2014-10-06 12:06:32 4508 [Note]   - '::' resolves to '::';
2014-10-06 12:06:32 4508 [Note] Server socket created on IP: '::'.
2014-10-08 14:52:50 6688 [Note] Plugin 'FEDERATED' is disabled.
2014-10-08 14:52:50 6688 [Note] InnoDB: The InnoDB memory heap is disabled
2014-10-08 14:52:50 6688 [Note] InnoDB: Mutexes and rw_locks use Windows interlocked functions
2014-10-08 14:52:50 6688 [Note] InnoDB: Compressed tables use zlib 1.2.3
2014-10-08 14:52:50 6688 [Note] InnoDB: Not using CPU crc32 instructions
2014-10-08 14:52:50 6688 [Note] InnoDB: Initializing buffer pool, size = 128.0M
2014-10-08 14:52:50 6688 [Note] InnoDB: Completed initialization of buffer pool
2014-10-08 14:52:50 6688 [ERROR] InnoDB: C:\Users\Bob\Documents\Programma's\Stick\USBWebserver v8.6\mysql\data\ibdata1 can't be opened in read-write mode
2014-10-08 14:52:50 6688 [ERROR] InnoDB: The system tablespace must be writable!
2014-10-08 14:52:50 6688 [ERROR] Plugin 'InnoDB' init function returned error.
2014-10-08 14:52:50 6688 [ERROR] Plugin 'InnoDB' registration as a STORAGE ENGINE failed.
2014-10-08 14:52:50 6688 [ERROR] Unknown/unsupported storage engine: InnoDB
2014-10-08 14:52:50 6688 [ERROR] Aborting

2014-10-08 14:52:50 6688 [Note] Binlog end
2014-10-08 14:52:50 6688 [Note] Shutting down plugin 'partition'
2014-10-08 14:52:50 6688 [Note] Shutting down plugin 'PERFORMANCE_SCHEMA'
2014-10-08 14:52:50 6688 [Note] Shutting down plugin 'INNODB_SYS_DATAFILES'
2014-10-08 14:52:50 6688 [Note] Shutting down plugin 'INNODB_SYS_TABLESPACES'
2014-10-08 14:52:50 6688 [Note] Shutting down plugin 'INNODB_SYS_FOREIGN_COLS'
2014-10-08 14:52:50 6688 [Note] Shutting down plugin 'INNODB_SYS_FOREIGN'
2014-10-08 14:52:50 6688 [Note] Shutting down plugin 'INNODB_SYS_FIELDS'
2014-10-08 14:52:50 6688 [Note] Shutting down plugin 'INNODB_SYS_COLUMNS'
2014-10-08 14:52:50 6688 [Note] Shutting down plugin 'INNODB_SYS_INDEXES'
2014-10-08 14:52:50 6688 [Note] Shutting down plugin 'INNODB_SYS_TABLESTATS'
2014-10-08 14:52:50 6688 [Note] Shutting down plugin 'INNODB_SYS_TABLES'
2014-10-08 14:52:50 6688 [Note] Shutting down plugin 'INNODB_FT_INDEX_TABLE'
2014-10-08 14:52:50 6688 [Note] Shutting down plugin 'INNODB_FT_INDEX_CACHE'
2014-10-08 14:52:50 6688 [Note] Shutting down plugin 'INNODB_FT_CONFIG'
2014-10-08 14:52:50 6688 [Note] Shutting down plugin 'INNODB_FT_BEING_DELETED'
2014-10-08 14:52:50 6688 [Note] Shutting down plugin 'INNODB_FT_DELETED'
2014-10-08 14:52:50 6688 [Note] Shutting down plugin 'INNODB_FT_DEFAULT_STOPWORD'
2014-10-08 14:52:50 6688 [Note] Shutting down plugin 'INNODB_METRICS'
2014-10-08 14:52:50 6688 [Note] Shutting down plugin 'INNODB_BUFFER_POOL_STATS'
2014-10-08 14:52:50 6688 [Note] Shutting down plugin 'INNODB_BUFFER_PAGE_LRU'
2014-10-08 14:52:50 6688 [Note] Shutting down plugin 'INNODB_BUFFER_PAGE'
2014-10-08 14:52:50 6688 [Note] Shutting down plugin 'INNODB_CMP_PER_INDEX_RESET'
2014-10-08 14:52:50 6688 [Note] Shutting down plugin 'INNODB_CMP_PER_INDEX'
2014-10-08 14:52:50 6688 [Note] Shutting down plugin 'INNODB_CMPMEM_RESET'
2014-10-08 14:52:50 6688 [Note] Shutting down plugin 'INNODB_CMPMEM'
2014-10-08 14:52:50 6688 [Note] Shutting down plugin 'INNODB_CMP_RESET'
2014-10-08 14:52:50 6688 [Note] Shutting down plugin 'INNODB_CMP'
2014-10-08 14:52:50 6688 [Note] Shutting down plugin 'INNODB_LOCK_WAITS'
2014-10-08 14:52:50 6688 [Note] Shutting down plugin 'INNODB_LOCKS'
2014-10-08 14:52:50 6688 [Note] Shutting down plugin 'INNODB_TRX'
2014-10-08 14:52:50 6688 [Note] Shutting down plugin 'BLACKHOLE'
2014-10-08 14:52:50 6688 [Note] Shutting down plugin 'ARCHIVE'
2014-10-08 14:52:50 6688 [Note] Shutting down plugin 'MRG_MYISAM'
2014-10-08 14:52:50 6688 [Note] Shutting down plugin 'MyISAM'
2014-10-08 14:52:50 6688 [Note] Shutting down plugin 'MEMORY'
2014-10-08 14:52:50 6688 [Note] Shutting down plugin 'CSV'
2014-10-08 14:52:50 6688 [Note] Shutting down plugin 'sha256_password'
2014-10-08 14:52:50 6688 [Note] Shutting down plugin 'mysql_old_password'
2014-10-08 14:52:50 6688 [Note] Shutting down plugin 'mysql_native_password'
2014-10-08 14:52:50 6688 [Note] Shutting down plugin 'binlog'
2014-10-08 14:52:50 6688 [Note] C:\Users\Bob\Documents\Programma's\Stick\USBWebserver v8.6/mysql/bin/mysqld_usbwv8.exe: Shutdown complete

2014-10-09 11:52:27 3784 [Note] Plugin 'FEDERATED' is disabled.
2014-10-09 11:52:27 3784 [Note] InnoDB: The InnoDB memory heap is disabled
2014-10-09 11:52:27 3784 [Note] InnoDB: Mutexes and rw_locks use Windows interlocked functions
2014-10-09 11:52:27 3784 [Note] InnoDB: Compressed tables use zlib 1.2.3
2014-10-09 11:52:27 3784 [Note] InnoDB: Not using CPU crc32 instructions
2014-10-09 11:52:27 3784 [Note] InnoDB: Initializing buffer pool, size = 128.0M
2014-10-09 11:52:27 3784 [Note] InnoDB: Completed initialization of buffer pool
2014-10-09 11:52:27 3784 [ERROR] InnoDB: C:\Users\Bob\Documents\Programma's\Stick\USBWebserver v8.6\mysql\data\ibdata1 can't be opened in read-write mode
2014-10-09 11:52:27 3784 [ERROR] InnoDB: The system tablespace must be writable!
2014-10-09 11:52:27 3784 [ERROR] Plugin 'InnoDB' init function returned error.
2014-10-09 11:52:27 3784 [ERROR] Plugin 'InnoDB' registration as a STORAGE ENGINE failed.
2014-10-09 11:52:27 3784 [ERROR] Unknown/unsupported storage engine: InnoDB
2014-10-09 11:52:27 3784 [ERROR] Aborting

2014-10-09 11:52:27 3784 [Note] Binlog end
2014-10-09 11:52:27 3784 [Note] Shutting down plugin 'partition'
2014-10-09 11:52:27 3784 [Note] Shutting down plugin 'PERFORMANCE_SCHEMA'
2014-10-09 11:52:27 3784 [Note] Shutting down plugin 'INNODB_SYS_DATAFILES'
2014-10-09 11:52:27 3784 [Note] Shutting down plugin 'INNODB_SYS_TABLESPACES'
2014-10-09 11:52:27 3784 [Note] Shutting down plugin 'INNODB_SYS_FOREIGN_COLS'
2014-10-09 11:52:27 3784 [Note] Shutting down plugin 'INNODB_SYS_FOREIGN'
2014-10-09 11:52:27 3784 [Note] Shutting down plugin 'INNODB_SYS_FIELDS'
2014-10-09 11:52:27 3784 [Note] Shutting down plugin 'INNODB_SYS_COLUMNS'
2014-10-09 11:52:27 3784 [Note] Shutting down plugin 'INNODB_SYS_INDEXES'
2014-10-09 11:52:27 3784 [Note] Shutting down plugin 'INNODB_SYS_TABLESTATS'
2014-10-09 11:52:27 3784 [Note] Shutting down plugin 'INNODB_SYS_TABLES'
2014-10-09 11:52:27 3784 [Note] Shutting down plugin 'INNODB_FT_INDEX_TABLE'
2014-10-09 11:52:27 3784 [Note] Shutting down plugin 'INNODB_FT_INDEX_CACHE'
2014-10-09 11:52:27 3784 [Note] Shutting down plugin 'INNODB_FT_CONFIG'
2014-10-09 11:52:27 3784 [Note] Shutting down plugin 'INNODB_FT_BEING_DELETED'
2014-10-09 11:52:27 3784 [Note] Shutting down plugin 'INNODB_FT_DELETED'
2014-10-09 11:52:27 3784 [Note] Shutting down plugin 'INNODB_FT_DEFAULT_STOPWORD'
2014-10-09 11:52:27 3784 [Note] Shutting down plugin 'INNODB_METRICS'
2014-10-09 11:52:27 3784 [Note] Shutting down plugin 'INNODB_BUFFER_POOL_STATS'
2014-10-09 11:52:27 3784 [Note] Shutting down plugin 'INNODB_BUFFER_PAGE_LRU'
2014-10-09 11:52:27 3784 [Note] Shutting down plugin 'INNODB_BUFFER_PAGE'
2014-10-09 11:52:27 3784 [Note] Shutting down plugin 'INNODB_CMP_PER_INDEX_RESET'
2014-10-09 11:52:27 3784 [Note] Shutting down plugin 'INNODB_CMP_PER_INDEX'
2014-10-09 11:52:27 3784 [Note] Shutting down plugin 'INNODB_CMPMEM_RESET'
2014-10-09 11:52:27 3784 [Note] Shutting down plugin 'INNODB_CMPMEM'
2014-10-09 11:52:27 3784 [Note] Shutting down plugin 'INNODB_CMP_RESET'
2014-10-09 11:52:27 3784 [Note] Shutting down plugin 'INNODB_CMP'
2014-10-09 11:52:27 3784 [Note] Shutting down plugin 'INNODB_LOCK_WAITS'
2014-10-09 11:52:27 3784 [Note] Shutting down plugin 'INNODB_LOCKS'
2014-10-09 11:52:27 3784 [Note] Shutting down plugin 'INNODB_TRX'
2014-10-09 11:52:27 3784 [Note] Shutting down plugin 'BLACKHOLE'
2014-10-09 11:52:27 3784 [Note] Shutting down plugin 'ARCHIVE'
2014-10-09 11:52:27 3784 [Note] Shutting down plugin 'MRG_MYISAM'
2014-10-09 11:52:27 3784 [Note] Shutting down plugin 'MyISAM'
2014-10-09 11:52:27 3784 [Note] Shutting down plugin 'MEMORY'
2014-10-09 11:52:27 3784 [Note] Shutting down plugin 'CSV'
2014-10-09 11:52:27 3784 [Note] Shutting down plugin 'sha256_password'
2014-10-09 11:52:27 3784 [Note] Shutting down plugin 'mysql_old_password'
2014-10-09 11:52:27 3784 [Note] Shutting down plugin 'mysql_native_password'
2014-10-09 11:52:27 3784 [Note] Shutting down plugin 'binlog'
2014-10-09 11:52:27 3784 [Note] C:\Users\Bob\Documents\Programma's\Stick\USBWebserver v8.6/mysql/bin/mysqld_usbwv8.exe: Shutdown complete

2014-10-09 11:53:22 4848 [Note] Plugin 'FEDERATED' is disabled.
2014-10-09 11:53:22 4848 [Note] InnoDB: The InnoDB memory heap is disabled
2014-10-09 11:53:22 4848 [Note] InnoDB: Mutexes and rw_locks use Windows interlocked functions
2014-10-09 11:53:22 4848 [Note] InnoDB: Compressed tables use zlib 1.2.3
2014-10-09 11:53:22 4848 [Note] InnoDB: Not using CPU crc32 instructions
2014-10-09 11:53:22 4848 [Note] InnoDB: Initializing buffer pool, size = 128.0M
2014-10-09 11:53:22 4848 [Note] InnoDB: Completed initialization of buffer pool
2014-10-09 11:53:22 4848 [ERROR] InnoDB: C:\Users\Bob\Documents\Programma's\Stick\USBWebserver v8.6\mysql\data\ibdata1 can't be opened in read-write mode
2014-10-09 11:53:22 4848 [ERROR] InnoDB: The system tablespace must be writable!
2014-10-09 11:53:22 4848 [ERROR] Plugin 'InnoDB' init function returned error.
2014-10-09 11:53:22 4848 [ERROR] Plugin 'InnoDB' registration as a STORAGE ENGINE failed.
2014-10-09 11:53:22 4848 [ERROR] Unknown/unsupported storage engine: InnoDB
2014-10-09 11:53:22 4848 [ERROR] Aborting

2014-10-09 11:53:22 4848 [Note] Binlog end
2014-10-09 11:53:22 4848 [Note] Shutting down plugin 'partition'
2014-10-09 11:53:22 4848 [Note] Shutting down plugin 'PERFORMANCE_SCHEMA'
2014-10-09 11:53:22 4848 [Note] Shutting down plugin 'INNODB_SYS_DATAFILES'
2014-10-09 11:53:22 4848 [Note] Shutting down plugin 'INNODB_SYS_TABLESPACES'
2014-10-09 11:53:22 4848 [Note] Shutting down plugin 'INNODB_SYS_FOREIGN_COLS'
2014-10-09 11:53:22 4848 [Note] Shutting down plugin 'INNODB_SYS_FOREIGN'
2014-10-09 11:53:22 4848 [Note] Shutting down plugin 'INNODB_SYS_FIELDS'
2014-10-09 11:53:22 4848 [Note] Shutting down plugin 'INNODB_SYS_COLUMNS'
2014-10-09 11:53:22 4848 [Note] Shutting down plugin 'INNODB_SYS_INDEXES'
2014-10-09 11:53:22 4848 [Note] Shutting down plugin 'INNODB_SYS_TABLESTATS'
2014-10-09 11:53:22 4848 [Note] Shutting down plugin 'INNODB_SYS_TABLES'
2014-10-09 11:53:22 4848 [Note] Shutting down plugin 'INNODB_FT_INDEX_TABLE'
2014-10-09 11:53:22 4848 [Note] Shutting down plugin 'INNODB_FT_INDEX_CACHE'
2014-10-09 11:53:22 4848 [Note] Shutting down plugin 'INNODB_FT_CONFIG'
2014-10-09 11:53:22 4848 [Note] Shutting down plugin 'INNODB_FT_BEING_DELETED'
2014-10-09 11:53:22 4848 [Note] Shutting down plugin 'INNODB_FT_DELETED'
2014-10-09 11:53:22 4848 [Note] Shutting down plugin 'INNODB_FT_DEFAULT_STOPWORD'
2014-10-09 11:53:22 4848 [Note] Shutting down plugin 'INNODB_METRICS'
2014-10-09 11:53:22 4848 [Note] Shutting down plugin 'INNODB_BUFFER_POOL_STATS'
2014-10-09 11:53:22 4848 [Note] Shutting down plugin 'INNODB_BUFFER_PAGE_LRU'
2014-10-09 11:53:22 4848 [Note] Shutting down plugin 'INNODB_BUFFER_PAGE'
2014-10-09 11:53:22 4848 [Note] Shutting down plugin 'INNODB_CMP_PER_INDEX_RESET'
2014-10-09 11:53:22 4848 [Note] Shutting down plugin 'INNODB_CMP_PER_INDEX'
2014-10-09 11:53:22 4848 [Note] Shutting down plugin 'INNODB_CMPMEM_RESET'
2014-10-09 11:53:22 4848 [Note] Shutting down plugin 'INNODB_CMPMEM'
2014-10-09 11:53:22 4848 [Note] Shutting down plugin 'INNODB_CMP_RESET'
2014-10-09 11:53:22 4848 [Note] Shutting down plugin 'INNODB_CMP'
2014-10-09 11:53:22 4848 [Note] Shutting down plugin 'INNODB_LOCK_WAITS'
2014-10-09 11:53:22 4848 [Note] Shutting down plugin 'INNODB_LOCKS'
2014-10-09 11:53:22 4848 [Note] Shutting down plugin 'INNODB_TRX'
2014-10-09 11:53:22 4848 [Note] Shutting down plugin 'BLACKHOLE'
2014-10-09 11:53:22 4848 [Note] Shutting down plugin 'ARCHIVE'
2014-10-09 11:53:22 4848 [Note] Shutting down plugin 'MRG_MYISAM'
2014-10-09 11:53:22 4848 [Note] Shutting down plugin 'MyISAM'
2014-10-09 11:53:22 4848 [Note] Shutting down plugin 'MEMORY'
2014-10-09 11:53:22 4848 [Note] Shutting down plugin 'CSV'
2014-10-09 11:53:22 4848 [Note] Shutting down plugin 'sha256_password'
2014-10-09 11:53:22 4848 [Note] Shutting down plugin 'mysql_old_password'
2014-10-09 11:53:22 4848 [Note] Shutting down plugin 'mysql_native_password'
2014-10-09 11:53:22 4848 [Note] Shutting down plugin 'binlog'
2014-10-09 11:53:22 4848 [Note] C:\Users\Bob\Documents\Programma's\Stick\USBWebserver v8.6/mysql/bin/mysqld_usbwv8.exe: Shutdown complete

2014-10-14 14:40:32 6168 [Note] Plugin 'FEDERATED' is disabled.
2014-10-14 14:40:32 6168 [Note] InnoDB: The InnoDB memory heap is disabled
2014-10-14 14:40:32 6168 [Note] InnoDB: Mutexes and rw_locks use Windows interlocked functions
2014-10-14 14:40:32 6168 [Note] InnoDB: Compressed tables use zlib 1.2.3
2014-10-14 14:40:32 6168 [Note] InnoDB: Not using CPU crc32 instructions
2014-10-14 14:40:32 6168 [Note] InnoDB: Initializing buffer pool, size = 128.0M
2014-10-14 14:40:32 6168 [Note] InnoDB: Completed initialization of buffer pool
2014-10-14 14:40:32 6168 [Note] InnoDB: Highest supported file format is Barracuda.
2014-10-14 14:40:32 6168 [Note] InnoDB: The log sequence numbers 1862054 and 1862054 in ibdata files do not match the log sequence number 1862180 in the ib_logfiles!
2014-10-14 14:40:32 6168 [Note] InnoDB: Database was not shutdown normally!
2014-10-14 14:40:32 6168 [Note] InnoDB: Starting crash recovery.
2014-10-14 14:40:32 6168 [Note] InnoDB: Reading tablespace information from the .ibd files...
2014-10-14 14:40:32 6168 [Note] InnoDB: Restoring possible half-written data pages 
2014-10-14 14:40:32 6168 [Note] InnoDB: from the doublewrite buffer...
2014-10-14 14:40:32 6168 [Note] InnoDB: 128 rollback segment(s) are active.
2014-10-14 14:40:32 6168 [Note] InnoDB: Waiting for purge to start
2014-10-14 14:40:32 6168 [Note] InnoDB: 5.6.13 started; log sequence number 1862180
2014-10-14 14:40:32 6168 [Note] Server hostname (bind-address): '*'; port: 3307
2014-10-14 14:40:32 6168 [Note] IPv6 is available.
2014-10-14 14:40:32 6168 [Note]   - '::' resolves to '::';
2014-10-14 14:40:32 6168 [Note] Server socket created on IP: '::'.
2014-10-19 11:19:15 3672 [Note] Plugin 'FEDERATED' is disabled.
2014-10-19 11:19:15 3672 [Note] InnoDB: The InnoDB memory heap is disabled
2014-10-19 11:19:15 3672 [Note] InnoDB: Mutexes and rw_locks use Windows interlocked functions
2014-10-19 11:19:15 3672 [Note] InnoDB: Compressed tables use zlib 1.2.3
2014-10-19 11:19:15 3672 [Note] InnoDB: Not using CPU crc32 instructions
2014-10-19 11:19:15 3672 [Note] InnoDB: Initializing buffer pool, size = 128.0M
2014-10-19 11:19:15 3672 [Note] InnoDB: Completed initialization of buffer pool
2014-10-19 11:19:15 3672 [Note] InnoDB: Highest supported file format is Barracuda.
2014-10-19 11:19:15 3672 [Note] InnoDB: The log sequence numbers 1862054 and 1862054 in ibdata files do not match the log sequence number 1862190 in the ib_logfiles!
2014-10-19 11:19:15 3672 [Note] InnoDB: Database was not shutdown normally!
2014-10-19 11:19:15 3672 [Note] InnoDB: Starting crash recovery.
2014-10-19 11:19:15 3672 [Note] InnoDB: Reading tablespace information from the .ibd files...
2014-10-19 11:19:15 3672 [Note] InnoDB: Restoring possible half-written data pages 
2014-10-19 11:19:15 3672 [Note] InnoDB: from the doublewrite buffer...
2014-10-19 11:19:15 3672 [Note] InnoDB: 128 rollback segment(s) are active.
2014-10-19 11:19:15 3672 [Note] InnoDB: Waiting for purge to start
2014-10-19 11:19:15 3672 [Note] InnoDB: 5.6.13 started; log sequence number 1862190
2014-10-19 11:19:15 3672 [Note] Server hostname (bind-address): '*'; port: 3307
2014-10-19 11:19:15 3672 [Note] IPv6 is available.
2014-10-19 11:19:15 3672 [Note]   - '::' resolves to '::';
2014-10-19 11:19:15 3672 [Note] Server socket created on IP: '::'.
2014-11-12 09:49:45 7980 [Note] Plugin 'FEDERATED' is disabled.
2014-11-12 09:49:45 7980 [Note] InnoDB: The InnoDB memory heap is disabled
2014-11-12 09:49:45 7980 [Note] InnoDB: Mutexes and rw_locks use Windows interlocked functions
2014-11-12 09:49:45 7980 [Note] InnoDB: Compressed tables use zlib 1.2.3
2014-11-12 09:49:45 7980 [Note] InnoDB: Not using CPU crc32 instructions
2014-11-12 09:49:45 7980 [Note] InnoDB: Initializing buffer pool, size = 128.0M
2014-11-12 09:49:45 7980 [Note] InnoDB: Completed initialization of buffer pool
2014-11-12 09:49:45 7980 [Note] InnoDB: Highest supported file format is Barracuda.
2014-11-12 09:49:45 7980 [Note] InnoDB: The log sequence numbers 1862054 and 1862054 in ibdata files do not match the log sequence number 1862200 in the ib_logfiles!
2014-11-12 09:49:45 7980 [Note] InnoDB: Database was not shutdown normally!
2014-11-12 09:49:45 7980 [Note] InnoDB: Starting crash recovery.
2014-11-12 09:49:45 7980 [Note] InnoDB: Reading tablespace information from the .ibd files...
2014-11-12 09:49:45 7980 [Note] InnoDB: Restoring possible half-written data pages 
2014-11-12 09:49:45 7980 [Note] InnoDB: from the doublewrite buffer...
2014-11-12 09:49:45 7980 [Note] InnoDB: 128 rollback segment(s) are active.
2014-11-12 09:49:45 7980 [Note] InnoDB: Waiting for purge to start
2014-11-12 09:49:45 7980 [Note] InnoDB: 5.6.13 started; log sequence number 1862200
2014-11-12 09:49:46 7980 [Note] Server hostname (bind-address): '*'; port: 3307
2014-11-12 09:49:46 7980 [Note] IPv6 is available.
2014-11-12 09:49:46 7980 [Note]   - '::' resolves to '::';
2014-11-12 09:49:46 7980 [Note] Server socket created on IP: '::'.
2014-11-20 10:07:53 3960 [Note] Plugin 'FEDERATED' is disabled.
2014-11-20 10:07:53 3960 [Note] InnoDB: The InnoDB memory heap is disabled
2014-11-20 10:07:53 3960 [Note] InnoDB: Mutexes and rw_locks use Windows interlocked functions
2014-11-20 10:07:53 3960 [Note] InnoDB: Compressed tables use zlib 1.2.3
2014-11-20 10:07:53 3960 [Note] InnoDB: Not using CPU crc32 instructions
2014-11-20 10:07:53 3960 [Note] InnoDB: Initializing buffer pool, size = 128.0M
2014-11-20 10:07:53 3960 [Note] InnoDB: Completed initialization of buffer pool
2014-11-20 10:07:53 3960 [Note] InnoDB: Highest supported file format is Barracuda.
2014-11-20 10:07:53 3960 [Note] InnoDB: The log sequence numbers 1862054 and 1862054 in ibdata files do not match the log sequence number 1880567 in the ib_logfiles!
2014-11-20 10:07:53 3960 [Note] InnoDB: Database was not shutdown normally!
2014-11-20 10:07:53 3960 [Note] InnoDB: Starting crash recovery.
2014-11-20 10:07:53 3960 [Note] InnoDB: Reading tablespace information from the .ibd files...
2014-11-20 10:07:53 3960 [Note] InnoDB: Restoring possible half-written data pages 
2014-11-20 10:07:53 3960 [Note] InnoDB: from the doublewrite buffer...
2014-11-20 10:07:53 3960 [Note] InnoDB: 128 rollback segment(s) are active.
2014-11-20 10:07:53 3960 [Note] InnoDB: Waiting for purge to start
2014-11-20 10:07:53 3960 [Note] InnoDB: 5.6.13 started; log sequence number 1880567
2014-11-20 10:07:53 3960 [Note] Server hostname (bind-address): '*'; port: 3307
2014-11-20 10:07:53 3960 [Note] IPv6 is available.
2014-11-20 10:07:53 3960 [Note]   - '::' resolves to '::';
2014-11-20 10:07:53 3960 [Note] Server socket created on IP: '::'.
2014-11-22 16:44:40 7588 [Note] Plugin 'FEDERATED' is disabled.
2014-11-22 16:44:40 7588 [Note] InnoDB: The InnoDB memory heap is disabled
2014-11-22 16:44:40 7588 [Note] InnoDB: Mutexes and rw_locks use Windows interlocked functions
2014-11-22 16:44:40 7588 [Note] InnoDB: Compressed tables use zlib 1.2.3
2014-11-22 16:44:40 7588 [Note] InnoDB: Not using CPU crc32 instructions
2014-11-22 16:44:40 7588 [Note] InnoDB: Initializing buffer pool, size = 128.0M
2014-11-22 16:44:40 7588 [Note] InnoDB: Completed initialization of buffer pool
2014-11-22 16:44:40 7588 [Note] InnoDB: Highest supported file format is Barracuda.
2014-11-22 16:44:40 7588 [Note] InnoDB: The log sequence numbers 1862054 and 1862054 in ibdata files do not match the log sequence number 1880593 in the ib_logfiles!
2014-11-22 16:44:40 7588 [Note] InnoDB: Database was not shutdown normally!
2014-11-22 16:44:40 7588 [Note] InnoDB: Starting crash recovery.
2014-11-22 16:44:40 7588 [Note] InnoDB: Reading tablespace information from the .ibd files...
2014-11-22 16:44:40 7588 [Note] InnoDB: Restoring possible half-written data pages 
2014-11-22 16:44:40 7588 [Note] InnoDB: from the doublewrite buffer...
2014-11-22 16:44:40 7588 [Note] InnoDB: 128 rollback segment(s) are active.
2014-11-22 16:44:40 7588 [Note] InnoDB: Waiting for purge to start
2014-11-22 16:44:40 7588 [Note] InnoDB: 5.6.13 started; log sequence number 1880593
2014-11-22 16:44:40 7588 [Note] Server hostname (bind-address): '*'; port: 3307
2014-11-22 16:44:40 7588 [Note] IPv6 is available.
2014-11-22 16:44:40 7588 [Note]   - '::' resolves to '::';
2014-11-22 16:44:40 7588 [Note] Server socket created on IP: '::'.
2014-12-01 15:58:19 4068 [Note] Plugin 'FEDERATED' is disabled.
2014-12-01 15:58:19 4068 [Note] InnoDB: The InnoDB memory heap is disabled
2014-12-01 15:58:19 4068 [Note] InnoDB: Mutexes and rw_locks use Windows interlocked functions
2014-12-01 15:58:19 4068 [Note] InnoDB: Compressed tables use zlib 1.2.3
2014-12-01 15:58:19 4068 [Note] InnoDB: Not using CPU crc32 instructions
2014-12-01 15:58:19 4068 [Note] InnoDB: Initializing buffer pool, size = 128.0M
2014-12-01 15:58:19 4068 [Note] InnoDB: Completed initialization of buffer pool
2014-12-01 15:58:19 4068 [Note] InnoDB: Highest supported file format is Barracuda.
2014-12-01 15:58:19 4068 [Note] InnoDB: The log sequence numbers 1862054 and 1862054 in ibdata files do not match the log sequence number 1880603 in the ib_logfiles!
2014-12-01 15:58:19 4068 [Note] InnoDB: Database was not shutdown normally!
2014-12-01 15:58:19 4068 [Note] InnoDB: Starting crash recovery.
2014-12-01 15:58:19 4068 [Note] InnoDB: Reading tablespace information from the .ibd files...
2014-12-01 15:58:19 4068 [Note] InnoDB: Restoring possible half-written data pages 
2014-12-01 15:58:19 4068 [Note] InnoDB: from the doublewrite buffer...
2014-12-01 15:58:19 4068 [Note] InnoDB: 128 rollback segment(s) are active.
2014-12-01 15:58:19 4068 [Note] InnoDB: Waiting for purge to start
2014-12-01 15:58:19 4068 [Note] InnoDB: 5.6.13 started; log sequence number 1880603
2014-12-01 15:58:19 4068 [Note] Server hostname (bind-address): '*'; port: 3307
2014-12-01 15:58:19 4068 [Note] IPv6 is available.
2014-12-01 15:58:19 4068 [Note]   - '::' resolves to '::';
2014-12-01 15:58:19 4068 [Note] Server socket created on IP: '::'.
2014-12-03 11:36:15 6440 [Note] Plugin 'FEDERATED' is disabled.
2014-12-03 11:36:15 6440 [Note] InnoDB: The InnoDB memory heap is disabled
2014-12-03 11:36:15 6440 [Note] InnoDB: Mutexes and rw_locks use Windows interlocked functions
2014-12-03 11:36:15 6440 [Note] InnoDB: Compressed tables use zlib 1.2.3
2014-12-03 11:36:15 6440 [Note] InnoDB: Not using CPU crc32 instructions
2014-12-03 11:36:15 6440 [Note] InnoDB: Initializing buffer pool, size = 128.0M
2014-12-03 11:36:15 6440 [Note] InnoDB: Completed initialization of buffer pool
2014-12-03 11:36:15 6440 [Note] InnoDB: Highest supported file format is Barracuda.
2014-12-03 11:36:15 6440 [Note] InnoDB: The log sequence numbers 1862054 and 1862054 in ibdata files do not match the log sequence number 2018644 in the ib_logfiles!
2014-12-03 11:36:15 6440 [Note] InnoDB: Database was not shutdown normally!
2014-12-03 11:36:15 6440 [Note] InnoDB: Starting crash recovery.
2014-12-03 11:36:15 6440 [Note] InnoDB: Reading tablespace information from the .ibd files...
2014-12-03 11:36:15 6440 [Note] InnoDB: Restoring possible half-written data pages 
2014-12-03 11:36:15 6440 [Note] InnoDB: from the doublewrite buffer...
2014-12-03 11:36:16 6440 [Note] InnoDB: 128 rollback segment(s) are active.
2014-12-03 11:36:16 6440 [Note] InnoDB: Waiting for purge to start
2014-12-03 11:36:16 6440 [Note] InnoDB: 5.6.13 started; log sequence number 2018644
2014-12-03 11:36:16 6440 [Note] Server hostname (bind-address): '*'; port: 3307
2014-12-03 11:36:16 6440 [Note] IPv6 is available.
2014-12-03 11:36:16 6440 [Note]   - '::' resolves to '::';
2014-12-03 11:36:16 6440 [Note] Server socket created on IP: '::'.
2014-12-03 16:14:37 5672 [Note] Plugin 'FEDERATED' is disabled.
2014-12-03 16:14:37 5672 [Note] InnoDB: The InnoDB memory heap is disabled
2014-12-03 16:14:37 5672 [Note] InnoDB: Mutexes and rw_locks use Windows interlocked functions
2014-12-03 16:14:37 5672 [Note] InnoDB: Compressed tables use zlib 1.2.3
2014-12-03 16:14:37 5672 [Note] InnoDB: Not using CPU crc32 instructions
2014-12-03 16:14:37 5672 [Note] InnoDB: Initializing buffer pool, size = 128.0M
2014-12-03 16:14:37 5672 [Note] InnoDB: Completed initialization of buffer pool
2014-12-03 16:14:37 5672 [Note] InnoDB: Highest supported file format is Barracuda.
2014-12-03 16:14:37 5672 [Note] InnoDB: The log sequence numbers 1862054 and 1862054 in ibdata files do not match the log sequence number 2107649 in the ib_logfiles!
2014-12-03 16:14:37 5672 [Note] InnoDB: Database was not shutdown normally!
2014-12-03 16:14:37 5672 [Note] InnoDB: Starting crash recovery.
2014-12-03 16:14:37 5672 [Note] InnoDB: Reading tablespace information from the .ibd files...
2014-12-03 16:14:37 5672 [Note] InnoDB: Restoring possible half-written data pages 
2014-12-03 16:14:37 5672 [Note] InnoDB: from the doublewrite buffer...
2014-12-03 16:14:37 5672 [Note] InnoDB: 128 rollback segment(s) are active.
2014-12-03 16:14:37 5672 [Note] InnoDB: Waiting for purge to start
2014-12-03 16:14:37 5672 [Note] InnoDB: Waiting for purge to start
2014-12-03 16:14:37 5672 [Note] InnoDB: 5.6.13 started; log sequence number 2107649
2014-12-03 16:14:37 5672 [Note] Server hostname (bind-address): '*'; port: 3307
2014-12-03 16:14:37 5672 [Note] IPv6 is available.
2014-12-03 16:14:37 5672 [Note]   - '::' resolves to '::';
2014-12-03 16:14:37 5672 [Note] Server socket created on IP: '::'.
2014-12-03 16:31:29 5808 [Note] Plugin 'FEDERATED' is disabled.
2014-12-03 16:31:29 5808 [Note] InnoDB: The InnoDB memory heap is disabled
2014-12-03 16:31:29 5808 [Note] InnoDB: Mutexes and rw_locks use Windows interlocked functions
2014-12-03 16:31:29 5808 [Note] InnoDB: Compressed tables use zlib 1.2.3
2014-12-03 16:31:29 5808 [Note] InnoDB: Not using CPU crc32 instructions
2014-12-03 16:31:29 5808 [Note] InnoDB: Initializing buffer pool, size = 128.0M
2014-12-03 16:31:29 5808 [Note] InnoDB: Completed initialization of buffer pool
2014-12-03 16:31:29 5808 [Note] InnoDB: Highest supported file format is Barracuda.
2014-12-03 16:31:29 5808 [Note] InnoDB: The log sequence numbers 1862054 and 1862054 in ibdata files do not match the log sequence number 2107659 in the ib_logfiles!
2014-12-03 16:31:29 5808 [Note] InnoDB: Database was not shutdown normally!
2014-12-03 16:31:29 5808 [Note] InnoDB: Starting crash recovery.
2014-12-03 16:31:29 5808 [Note] InnoDB: Reading tablespace information from the .ibd files...
2014-12-03 16:31:29 5808 [Note] InnoDB: Restoring possible half-written data pages 
2014-12-03 16:31:29 5808 [Note] InnoDB: from the doublewrite buffer...
2014-12-03 16:31:29 5808 [Note] InnoDB: 128 rollback segment(s) are active.
2014-12-03 16:31:29 5808 [Note] InnoDB: Waiting for purge to start
2014-12-03 16:31:29 5808 [Note] InnoDB: 5.6.13 started; log sequence number 2107659
2014-12-03 16:31:29 5808 [Note] Server hostname (bind-address): '*'; port: 3307
2014-12-03 16:31:29 5808 [Note] IPv6 is available.
2014-12-03 16:31:29 5808 [Note]   - '::' resolves to '::';
2014-12-03 16:31:29 5808 [Note] Server socket created on IP: '::'.
2014-12-11 12:09:27 6492 [Note] Plugin 'FEDERATED' is disabled.
2014-12-11 12:09:27 6492 [Note] InnoDB: The InnoDB memory heap is disabled
2014-12-11 12:09:27 6492 [Note] InnoDB: Mutexes and rw_locks use Windows interlocked functions
2014-12-11 12:09:27 6492 [Note] InnoDB: Compressed tables use zlib 1.2.3
2014-12-11 12:09:27 6492 [Note] InnoDB: Not using CPU crc32 instructions
2014-12-11 12:09:27 6492 [Note] InnoDB: Initializing buffer pool, size = 128.0M
2014-12-11 12:09:27 6492 [Note] InnoDB: Completed initialization of buffer pool
2014-12-11 12:09:27 6492 [Note] InnoDB: Highest supported file format is Barracuda.
2014-12-11 12:09:27 6492 [Note] InnoDB: The log sequence numbers 1862054 and 1862054 in ibdata files do not match the log sequence number 2499279 in the ib_logfiles!
2014-12-11 12:09:27 6492 [Note] InnoDB: Database was not shutdown normally!
2014-12-11 12:09:27 6492 [Note] InnoDB: Starting crash recovery.
2014-12-11 12:09:27 6492 [Note] InnoDB: Reading tablespace information from the .ibd files...
2014-12-11 12:09:27 6492 [Note] InnoDB: Restoring possible half-written data pages 
2014-12-11 12:09:27 6492 [Note] InnoDB: from the doublewrite buffer...
2014-12-11 12:09:27 6492 [Note] InnoDB: 128 rollback segment(s) are active.
2014-12-11 12:09:27 6492 [Note] InnoDB: Waiting for purge to start
2014-12-11 12:09:27 6492 [Note] InnoDB: Waiting for purge to start
2014-12-11 12:09:28 6492 [Note] InnoDB: 5.6.13 started; log sequence number 2499279
2014-12-11 12:09:28 6492 [Note] Server hostname (bind-address): '*'; port: 3307
2014-12-11 12:09:28 6492 [Note] IPv6 is available.
2014-12-11 12:09:28 6492 [Note]   - '::' resolves to '::';
2014-12-11 12:09:28 6492 [Note] Server socket created on IP: '::'.
2014-12-16 12:55:52 10916 [Note] Plugin 'FEDERATED' is disabled.
2014-12-16 12:55:52 10916 [Note] InnoDB: The InnoDB memory heap is disabled
2014-12-16 12:55:52 10916 [Note] InnoDB: Mutexes and rw_locks use Windows interlocked functions
2014-12-16 12:55:52 10916 [Note] InnoDB: Compressed tables use zlib 1.2.3
2014-12-16 12:55:52 10916 [Note] InnoDB: Not using CPU crc32 instructions
2014-12-16 12:55:52 10916 [Note] InnoDB: Initializing buffer pool, size = 128.0M
2014-12-16 12:55:52 10916 [Note] InnoDB: Completed initialization of buffer pool
2014-12-16 12:55:52 10916 [Note] InnoDB: Highest supported file format is Barracuda.
2014-12-16 12:55:52 10916 [Note] InnoDB: The log sequence numbers 1862054 and 1862054 in ibdata files do not match the log sequence number 2530620 in the ib_logfiles!
2014-12-16 12:55:52 10916 [Note] InnoDB: Database was not shutdown normally!
2014-12-16 12:55:52 10916 [Note] InnoDB: Starting crash recovery.
2014-12-16 12:55:52 10916 [Note] InnoDB: Reading tablespace information from the .ibd files...
2014-12-16 12:55:52 10916 [Note] InnoDB: Restoring possible half-written data pages 
2014-12-16 12:55:52 10916 [Note] InnoDB: from the doublewrite buffer...
2014-12-16 12:55:52 10916 [Note] InnoDB: 128 rollback segment(s) are active.
2014-12-16 12:55:52 10916 [Note] InnoDB: Waiting for purge to start
2014-12-16 12:55:52 10916 [Note] InnoDB: 5.6.13 started; log sequence number 2530620
2014-12-16 12:55:52 10916 [Note] Server hostname (bind-address): '*'; port: 3307
2014-12-16 12:55:52 10916 [Note] IPv6 is available.
2014-12-16 12:55:52 10916 [Note]   - '::' resolves to '::';
2014-12-16 12:55:52 10916 [Note] Server socket created on IP: '::'.
2014-12-24 10:16:59 6448 [Note] Plugin 'FEDERATED' is disabled.
2014-12-24 10:16:59 6448 [Note] InnoDB: The InnoDB memory heap is disabled
2014-12-24 10:16:59 6448 [Note] InnoDB: Mutexes and rw_locks use Windows interlocked functions
2014-12-24 10:16:59 6448 [Note] InnoDB: Compressed tables use zlib 1.2.3
2014-12-24 10:16:59 6448 [Note] InnoDB: Not using CPU crc32 instructions
2014-12-24 10:16:59 6448 [Note] InnoDB: Initializing buffer pool, size = 128.0M
2014-12-24 10:16:59 6448 [Note] InnoDB: Completed initialization of buffer pool
2014-12-24 10:16:59 6448 [Note] InnoDB: Highest supported file format is Barracuda.
2014-12-24 10:16:59 6448 [Note] InnoDB: The log sequence numbers 1862054 and 1862054 in ibdata files do not match the log sequence number 2592585 in the ib_logfiles!
2014-12-24 10:16:59 6448 [Note] InnoDB: Database was not shutdown normally!
2014-12-24 10:16:59 6448 [Note] InnoDB: Starting crash recovery.
2014-12-24 10:16:59 6448 [Note] InnoDB: Reading tablespace information from the .ibd files...
2014-12-24 10:17:00 6448 [Note] InnoDB: Restoring possible half-written data pages 
2014-12-24 10:17:00 6448 [Note] InnoDB: from the doublewrite buffer...
2014-12-24 10:17:00 6448 [Note] InnoDB: 128 rollback segment(s) are active.
2014-12-24 10:17:00 6448 [Note] InnoDB: Waiting for purge to start
2014-12-24 10:17:00 6448 [Note] InnoDB: 5.6.13 started; log sequence number 2592585
2014-12-24 10:17:00 6448 [Note] Server hostname (bind-address): '*'; port: 3307
2014-12-24 10:17:00 6448 [Note] IPv6 is available.
2014-12-24 10:17:00 6448 [Note]   - '::' resolves to '::';
2014-12-24 10:17:00 6448 [Note] Server socket created on IP: '::'.
2015-01-23 15:24:27 1660 [Note] Plugin 'FEDERATED' is disabled.
2015-01-23 15:24:27 1660 [Note] InnoDB: The InnoDB memory heap is disabled
2015-01-23 15:24:27 1660 [Note] InnoDB: Mutexes and rw_locks use Windows interlocked functions
2015-01-23 15:24:27 1660 [Note] InnoDB: Compressed tables use zlib 1.2.3
2015-01-23 15:24:27 1660 [Note] InnoDB: Not using CPU crc32 instructions
2015-01-23 15:24:27 1660 [Note] InnoDB: Initializing buffer pool, size = 128.0M
2015-01-23 15:24:27 1660 [Note] InnoDB: Completed initialization of buffer pool
2015-01-23 15:24:27 1660 [Note] InnoDB: Highest supported file format is Barracuda.
2015-01-23 15:24:27 1660 [Note] InnoDB: The log sequence numbers 1862054 and 1862054 in ibdata files do not match the log sequence number 2779686 in the ib_logfiles!
2015-01-23 15:24:27 1660 [Note] InnoDB: Database was not shutdown normally!
2015-01-23 15:24:27 1660 [Note] InnoDB: Starting crash recovery.
2015-01-23 15:24:27 1660 [Note] InnoDB: Reading tablespace information from the .ibd files...
2015-01-23 15:24:27 1660 [Note] InnoDB: Restoring possible half-written data pages 
2015-01-23 15:24:27 1660 [Note] InnoDB: from the doublewrite buffer...
2015-01-23 15:24:28 1660 [Note] InnoDB: 128 rollback segment(s) are active.
2015-01-23 15:24:28 1660 [Note] InnoDB: Waiting for purge to start
2015-01-23 15:24:28 1660 [Note] InnoDB: 5.6.13 started; log sequence number 2779686
2015-01-23 15:24:28 1660 [Note] Server hostname (bind-address): '*'; port: 3307
2015-01-23 15:24:28 1660 [Note] IPv6 is available.
2015-01-23 15:24:28 1660 [Note]   - '::' resolves to '::';
2015-01-23 15:24:28 1660 [Note] Server socket created on IP: '::'.
2015-04-19 19:30:34 11052 [Note] Plugin 'FEDERATED' is disabled.
2015-04-19 19:30:34 11052 [Note] InnoDB: The InnoDB memory heap is disabled
2015-04-19 19:30:34 11052 [Note] InnoDB: Mutexes and rw_locks use Windows interlocked functions
2015-04-19 19:30:34 11052 [Note] InnoDB: Compressed tables use zlib 1.2.3
2015-04-19 19:30:34 11052 [Note] InnoDB: Not using CPU crc32 instructions
2015-04-19 19:30:34 11052 [Note] InnoDB: Initializing buffer pool, size = 128.0M
2015-04-19 19:30:34 11052 [Note] InnoDB: Completed initialization of buffer pool
2015-04-19 19:30:34 11052 [Note] InnoDB: Highest supported file format is Barracuda.
2015-04-19 19:30:34 11052 [Note] InnoDB: The log sequence numbers 1862054 and 1862054 in ibdata files do not match the log sequence number 2782907 in the ib_logfiles!
2015-04-19 19:30:34 11052 [Note] InnoDB: Database was not shutdown normally!
2015-04-19 19:30:34 11052 [Note] InnoDB: Starting crash recovery.
2015-04-19 19:30:34 11052 [Note] InnoDB: Reading tablespace information from the .ibd files...
2015-04-19 19:30:34 11052 [Note] InnoDB: Restoring possible half-written data pages 
2015-04-19 19:30:34 11052 [Note] InnoDB: from the doublewrite buffer...
2015-04-19 19:30:35 11052 [Note] InnoDB: 128 rollback segment(s) are active.
2015-04-19 19:30:35 11052 [Note] InnoDB: Waiting for purge to start
2015-04-19 19:30:35 11052 [Note] InnoDB: 5.6.13 started; log sequence number 2782907
2015-04-19 19:30:35 11052 [Note] Server hostname (bind-address): '*'; port: 3307
2015-04-19 19:30:35 11052 [Note] IPv6 is available.
2015-04-19 19:30:35 11052 [Note]   - '::' resolves to '::';
2015-04-19 19:30:35 11052 [Note] Server socket created on IP: '::'.
2015-04-19 19:35:38 11020 [Note] Plugin 'FEDERATED' is disabled.
2015-04-19 19:35:38 11020 [Note] InnoDB: The InnoDB memory heap is disabled
2015-04-19 19:35:38 11020 [Note] InnoDB: Mutexes and rw_locks use Windows interlocked functions
2015-04-19 19:35:38 11020 [Note] InnoDB: Compressed tables use zlib 1.2.3
2015-04-19 19:35:38 11020 [Note] InnoDB: Not using CPU crc32 instructions
2015-04-19 19:35:38 11020 [Note] InnoDB: Initializing buffer pool, size = 128.0M
2015-04-19 19:35:38 11020 [Note] InnoDB: Completed initialization of buffer pool
2015-04-19 19:35:38 11020 [Note] InnoDB: Highest supported file format is Barracuda.
2015-04-19 19:35:38 11020 [Note] InnoDB: The log sequence numbers 1862054 and 1862054 in ibdata files do not match the log sequence number 2782917 in the ib_logfiles!
2015-04-19 19:35:38 11020 [Note] InnoDB: Database was not shutdown normally!
2015-04-19 19:35:38 11020 [Note] InnoDB: Starting crash recovery.
2015-04-19 19:35:38 11020 [Note] InnoDB: Reading tablespace information from the .ibd files...
2015-04-19 19:35:38 11020 [Note] InnoDB: Restoring possible half-written data pages 
2015-04-19 19:35:38 11020 [Note] InnoDB: from the doublewrite buffer...
2015-04-19 19:35:38 11020 [Note] InnoDB: 128 rollback segment(s) are active.
2015-04-19 19:35:38 11020 [Note] InnoDB: Waiting for purge to start
2015-04-19 19:35:38 11020 [Note] InnoDB: 5.6.13 started; log sequence number 2782917
2015-04-19 19:35:38 11020 [Note] Server hostname (bind-address): '*'; port: 3307
2015-04-19 19:35:38 11020 [Note] IPv6 is available.
2015-04-19 19:35:38 11020 [Note]   - '::' resolves to '::';
2015-04-19 19:35:38 11020 [Note] Server socket created on IP: '::'.
