2014-08-30 21:43:03 11256 [Note] Plugin 'FEDERATED' is disabled.
2014-08-30 21:43:03 11256 [Note] InnoDB: The InnoDB memory heap is disabled
2014-08-30 21:43:03 11256 [Note] InnoDB: Mutexes and rw_locks use Windows interlocked functions
2014-08-30 21:43:03 11256 [Note] InnoDB: Compressed tables use zlib 1.2.3
2014-08-30 21:43:03 11256 [Note] InnoDB: Not using CPU crc32 instructions
2014-08-30 21:43:03 11256 [Note] InnoDB: Initializing buffer pool, size = 128.0M
2014-08-30 21:43:03 11256 [Note] InnoDB: Completed initialization of buffer pool
2014-08-30 21:43:03 11256 [Note] InnoDB: Setting log file C:\Users\Robbert\Desktop\USBWebserver v8.6 (1)\mysql\data\ib_logfile101 size to 5 MB
2014-08-30 21:43:03 11256 [Note] InnoDB: Setting log file C:\Users\Robbert\Desktop\USBWebserver v8.6 (1)\mysql\data\ib_logfile1 size to 5 MB
2014-08-30 21:43:03 11256 [Note] InnoDB: Renaming log file C:\Users\Robbert\Desktop\USBWebserver v8.6 (1)\mysql\data\ib_logfile101 to C:\Users\Robbert\Desktop\USBWebserver v8.6 (1)\mysql\data\ib_logfile0
2014-08-30 21:43:03 11256 [Warning] InnoDB: New log files created, LSN=1626134
2014-08-30 21:43:03 11256 [Note] InnoDB: Highest supported file format is Barracuda.
2014-08-30 21:43:06 11256 [Note] InnoDB: 128 rollback segment(s) are active.
2014-08-30 21:43:06 11256 [Note] InnoDB: Waiting for purge to start
2014-08-30 21:43:06 11256 [Note] InnoDB: 5.6.13 started; log sequence number 1626636
2014-08-30 21:43:06 11256 [Warning] No existing UUID has been found, so we assume that this is the first time that this server has been started. Generating a new UUID: dcf2c805-307d-11e4-8466-90e6ba644f09.
2014-08-30 21:43:06 11256 [Note] Server hostname (bind-address): '*'; port: 3307
2014-08-30 21:43:06 11256 [Note] IPv6 is available.
2014-08-30 21:43:06 11256 [Note]   - '::' resolves to '::';
2014-08-30 21:43:06 11256 [Note] Server socket created on IP: '::'.
2014-08-30 21:43:06 11256 [Note] Event Scheduler: Loaded 0 events
2014-08-30 21:43:06 11256 [Note] C:\Users\Robbert\Desktop\USBWebserver v8.6 (1)/mysql/bin/mysqld_usbwv8.exe: ready for connections.
Version: '5.6.13'  socket: ''  port: 3307  MySQL Community Server (GPL)
2014-08-30 21:45:06 9672 [Note] Plugin 'FEDERATED' is disabled.
2014-08-30 21:45:06 9672 [Note] InnoDB: The InnoDB memory heap is disabled
2014-08-30 21:45:06 9672 [Note] InnoDB: Mutexes and rw_locks use Windows interlocked functions
2014-08-30 21:45:06 9672 [Note] InnoDB: Compressed tables use zlib 1.2.3
2014-08-30 21:45:06 9672 [Note] InnoDB: Not using CPU crc32 instructions
2014-08-30 21:45:06 9672 [Note] InnoDB: Initializing buffer pool, size = 128.0M
2014-08-30 21:45:06 9672 [Note] InnoDB: Completed initialization of buffer pool
2014-08-30 21:45:06 9672 [Note] InnoDB: Highest supported file format is Barracuda.
2014-08-30 21:45:06 9672 [Note] InnoDB: The log sequence numbers 1626134 and 1626134 in ibdata files do not match the log sequence number 1626646 in the ib_logfiles!
2014-08-30 21:45:06 9672 [Note] InnoDB: Database was not shutdown normally!
2014-08-30 21:45:06 9672 [Note] InnoDB: Starting crash recovery.
2014-08-30 21:45:06 9672 [Note] InnoDB: Reading tablespace information from the .ibd files...
2014-08-30 21:45:06 9672 [Note] InnoDB: Restoring possible half-written data pages 
2014-08-30 21:45:06 9672 [Note] InnoDB: from the doublewrite buffer...
2014-08-30 21:45:06 9672 [Note] InnoDB: 128 rollback segment(s) are active.
2014-08-30 21:45:06 9672 [Note] InnoDB: Waiting for purge to start
2014-08-30 21:45:06 9672 [Note] InnoDB: 5.6.13 started; log sequence number 1626646
2014-08-30 21:45:06 9672 [Note] Server hostname (bind-address): '*'; port: 3307
2014-08-30 21:45:06 9672 [Note] IPv6 is available.
2014-08-30 21:45:06 9672 [Note]   - '::' resolves to '::';
2014-08-30 21:45:06 9672 [Note] Server socket created on IP: '::'.
2014-08-30 21:45:06 9672 [Note] Event Scheduler: Loaded 0 events
2014-08-30 21:45:06 9672 [Note] C:\Users\Robbert\Desktop\USBWebserver v8.6 (1)/mysql/bin/mysqld_usbwv8.exe: ready for connections.
Version: '5.6.13'  socket: ''  port: 3307  MySQL Community Server (GPL)
2014-08-31 17:34:19 1300 [Note] Plugin 'FEDERATED' is disabled.
2014-08-31 17:34:19 1300 [Note] InnoDB: The InnoDB memory heap is disabled
2014-08-31 17:34:19 1300 [Note] InnoDB: Mutexes and rw_locks use Windows interlocked functions
2014-08-31 17:34:19 1300 [Note] InnoDB: Compressed tables use zlib 1.2.3
2014-08-31 17:34:19 1300 [Note] InnoDB: Not using CPU crc32 instructions
2014-08-31 17:34:19 1300 [Note] InnoDB: Initializing buffer pool, size = 128.0M
2014-08-31 17:34:19 1300 [Note] InnoDB: Completed initialization of buffer pool
2014-08-31 17:34:19 1300 [Note] InnoDB: Highest supported file format is Barracuda.
2014-08-31 17:34:19 1300 [Note] InnoDB: The log sequence numbers 1626134 and 1626134 in ibdata files do not match the log sequence number 1714651 in the ib_logfiles!
2014-08-31 17:34:19 1300 [Note] InnoDB: Database was not shutdown normally!
2014-08-31 17:34:19 1300 [Note] InnoDB: Starting crash recovery.
2014-08-31 17:34:19 1300 [Note] InnoDB: Reading tablespace information from the .ibd files...
2014-08-31 17:34:19 1300 [Note] InnoDB: Restoring possible half-written data pages 
2014-08-31 17:34:19 1300 [Note] InnoDB: from the doublewrite buffer...
2014-08-31 17:34:19 1300 [Note] InnoDB: 128 rollback segment(s) are active.
2014-08-31 17:34:19 1300 [Note] InnoDB: Waiting for purge to start
2014-08-31 17:34:19 1300 [Note] InnoDB: 5.6.13 started; log sequence number 1714651
2014-08-31 17:34:19 1300 [Note] Server hostname (bind-address): '*'; port: 3307
2014-08-31 17:34:19 1300 [Note] IPv6 is available.
2014-08-31 17:34:19 1300 [Note]   - '::' resolves to '::';
2014-08-31 17:34:19 1300 [Note] Server socket created on IP: '::'.
2014-08-31 17:34:19 1300 [Note] Event Scheduler: Loaded 0 events
2014-08-31 17:34:19 1300 [Note] C:\Users\Robbert\Desktop\USBWebserver v8.6 (1)/mysql/bin/mysqld_usbwv8.exe: ready for connections.
Version: '5.6.13'  socket: ''  port: 3307  MySQL Community Server (GPL)
2014-08-31 17:51:51 4688 [Note] Plugin 'FEDERATED' is disabled.
2014-08-31 17:51:51 4688 [Note] InnoDB: The InnoDB memory heap is disabled
2014-08-31 17:51:51 4688 [Note] InnoDB: Mutexes and rw_locks use Windows interlocked functions
2014-08-31 17:51:51 4688 [Note] InnoDB: Compressed tables use zlib 1.2.3
2014-08-31 17:51:51 4688 [Note] InnoDB: Not using CPU crc32 instructions
2014-08-31 17:51:51 4688 [Note] InnoDB: Initializing buffer pool, size = 128.0M
2014-08-31 17:51:51 4688 [Note] InnoDB: Completed initialization of buffer pool
2014-08-31 17:51:51 4688 [Note] InnoDB: Highest supported file format is Barracuda.
2014-08-31 17:51:51 4688 [Note] InnoDB: The log sequence numbers 1626134 and 1626134 in ibdata files do not match the log sequence number 1782981 in the ib_logfiles!
2014-08-31 17:51:51 4688 [Note] InnoDB: Database was not shutdown normally!
2014-08-31 17:51:51 4688 [Note] InnoDB: Starting crash recovery.
2014-08-31 17:51:51 4688 [Note] InnoDB: Reading tablespace information from the .ibd files...
2014-08-31 17:51:51 4688 [Note] InnoDB: Restoring possible half-written data pages 
2014-08-31 17:51:51 4688 [Note] InnoDB: from the doublewrite buffer...
2014-08-31 17:51:51 4688 [Note] InnoDB: 128 rollback segment(s) are active.
2014-08-31 17:51:51 4688 [Note] InnoDB: Waiting for purge to start
2014-08-31 17:51:51 4688 [Note] InnoDB: 5.6.13 started; log sequence number 1782981
2014-08-31 17:51:51 4688 [Note] Server hostname (bind-address): '*'; port: 3307
2014-08-31 17:51:51 4688 [Note] IPv6 is available.
2014-08-31 17:51:51 4688 [Note]   - '::' resolves to '::';
2014-08-31 17:51:51 4688 [Note] Server socket created on IP: '::'.
2014-08-31 17:51:52 4688 [Note] Event Scheduler: Loaded 0 events
2014-08-31 17:51:52 4688 [Note] C:\Users\Robbert\Desktop\stick\USBWebserver v8.6/mysql/bin/mysqld_usbwv8.exe: ready for connections.
Version: '5.6.13'  socket: ''  port: 3307  MySQL Community Server (GPL)
